c:\users\ashvin.bhuttoo\documents\visual studio 2015\projects\dllimportcryptotest\cryptapi\debug\cryptapi.pch
c:\users\ashvin.bhuttoo\documents\visual studio 2015\projects\dllimportcryptotest\cryptapi\debug\vc140.pdb
c:\users\ashvin.bhuttoo\documents\visual studio 2015\projects\dllimportcryptotest\cryptapi\debug\vc140.idb
c:\users\ashvin.bhuttoo\documents\visual studio 2015\projects\dllimportcryptotest\cryptapi\debug\stdafx.obj
c:\users\ashvin.bhuttoo\documents\visual studio 2015\projects\dllimportcryptotest\cryptapi\debug\cryptapi.obj
c:\users\ashvin.bhuttoo\documents\visual studio 2015\projects\dllimportcryptotest\dllimportcryptotest\bin\debug\cryptapi.lib
c:\users\ashvin.bhuttoo\documents\visual studio 2015\projects\dllimportcryptotest\dllimportcryptotest\bin\debug\cryptapi.exp
c:\users\ashvin.bhuttoo\documents\visual studio 2015\projects\dllimportcryptotest\dllimportcryptotest\bin\debug\cryptapi.ilk
c:\users\ashvin.bhuttoo\documents\visual studio 2015\projects\dllimportcryptotest\dllimportcryptotest\bin\debug\cryptapi.dll
c:\users\ashvin.bhuttoo\documents\visual studio 2015\projects\dllimportcryptotest\dllimportcryptotest\bin\debug\cryptapi.pdb
c:\users\ashvin.bhuttoo\documents\visual studio 2015\projects\dllimportcryptotest\cryptapi\debug\app.res
c:\users\ashvin.bhuttoo\documents\visual studio 2015\projects\dllimportcryptotest\cryptapi\..\dllimportcryptotest\bin\debug\cryptapi.dll
c:\users\ashvin.bhuttoo\documents\visual studio 2015\projects\dllimportcryptotest\cryptapi\debug\cryptapi.tlog\cl.command.1.tlog
c:\users\ashvin.bhuttoo\documents\visual studio 2015\projects\dllimportcryptotest\cryptapi\debug\cryptapi.tlog\cl.read.1.tlog
c:\users\ashvin.bhuttoo\documents\visual studio 2015\projects\dllimportcryptotest\cryptapi\debug\cryptapi.tlog\cl.write.1.tlog
c:\users\ashvin.bhuttoo\documents\visual studio 2015\projects\dllimportcryptotest\cryptapi\debug\cryptapi.tlog\cryptapi.write.1u.tlog
c:\users\ashvin.bhuttoo\documents\visual studio 2015\projects\dllimportcryptotest\cryptapi\debug\cryptapi.tlog\link.command.1.tlog
c:\users\ashvin.bhuttoo\documents\visual studio 2015\projects\dllimportcryptotest\cryptapi\debug\cryptapi.tlog\link.read.1.tlog
c:\users\ashvin.bhuttoo\documents\visual studio 2015\projects\dllimportcryptotest\cryptapi\debug\cryptapi.tlog\link.write.1.tlog
c:\users\ashvin.bhuttoo\documents\visual studio 2015\projects\dllimportcryptotest\cryptapi\debug\cryptapi.tlog\rc.command.1.tlog
c:\users\ashvin.bhuttoo\documents\visual studio 2015\projects\dllimportcryptotest\cryptapi\debug\cryptapi.tlog\rc.read.1.tlog
c:\users\ashvin.bhuttoo\documents\visual studio 2015\projects\dllimportcryptotest\cryptapi\debug\cryptapi.tlog\rc.write.1.tlog
